2019-08-22 23:32:40:792 [main] DEBUG com.kdocke.o2o.dao.ShopDao.queryShopList - ==>  Preparing: SELECT s.shop_id, s.shop_name, s.shop_desc, s.shop_addr, s.phone, s.shop_img, s.priority, s.create_time, s.last_edit_time, s.enable_status, s.advice, a.area_id, a.area_name, sc.shop_category_id, sc.shop_category_name FROM tb_shop s, tb_area a, tb_shop_category sc WHERE s.owner_id = ? AND s.area_id = a.area_id AND s.shop_category_id = sc.shop_category_id ORDER BY s.priority DESC LIMIT ?,? 
2019-08-22 23:32:40:855 [main] DEBUG com.kdocke.o2o.dao.ShopDao.queryShopList - ==> Parameters: 1(Long), 0(Integer), 2(Integer)
2019-08-22 23:32:40:941 [main] DEBUG com.kdocke.o2o.dao.ShopDao.queryShopList - <==      Total: 0
2019-08-22 23:32:40:949 [main] DEBUG com.kdocke.o2o.dao.ShopDao.queryShopCount - ==>  Preparing: SELECT count(1) FROM tb_shop s, tb_area a, tb_shop_category sc WHERE s.owner_id = ? AND s.area_id = a.area_id AND s.shop_category_id = sc.shop_category_id 
2019-08-22 23:32:40:950 [main] DEBUG com.kdocke.o2o.dao.ShopDao.queryShopCount - ==> Parameters: 1(Long)
2019-08-22 23:32:40:953 [main] DEBUG com.kdocke.o2o.dao.ShopDao.queryShopCount - <==      Total: 1
2019-08-22 23:32:40:954 [main] DEBUG com.kdocke.o2o.dao.ShopDao.queryShopList - ==>  Preparing: SELECT s.shop_id, s.shop_name, s.shop_desc, s.shop_addr, s.phone, s.shop_img, s.priority, s.create_time, s.last_edit_time, s.enable_status, s.advice, a.area_id, a.area_name, sc.shop_category_id, sc.shop_category_name FROM tb_shop s, tb_area a, tb_shop_category sc WHERE s.shop_category_id = ? and s.owner_id = ? AND s.area_id = a.area_id AND s.shop_category_id = sc.shop_category_id ORDER BY s.priority DESC LIMIT ?,? 
2019-08-22 23:32:40:955 [main] DEBUG com.kdocke.o2o.dao.ShopDao.queryShopList - ==> Parameters: 3(Long), 1(Long), 0(Integer), 2(Integer)
2019-08-22 23:32:40:958 [main] DEBUG com.kdocke.o2o.dao.ShopDao.queryShopList - <==      Total: 0
2019-08-22 23:32:40:959 [main] DEBUG com.kdocke.o2o.dao.ShopDao.queryShopCount - ==>  Preparing: SELECT count(1) FROM tb_shop s, tb_area a, tb_shop_category sc WHERE s.shop_category_id = ? and s.owner_id = ? AND s.area_id = a.area_id AND s.shop_category_id = sc.shop_category_id 
2019-08-22 23:32:40:960 [main] DEBUG com.kdocke.o2o.dao.ShopDao.queryShopCount - ==> Parameters: 3(Long), 1(Long)
2019-08-22 23:32:40:961 [main] DEBUG com.kdocke.o2o.dao.ShopDao.queryShopCount - <==      Total: 1
2019-08-22 23:33:12:941 [main] DEBUG com.kdocke.o2o.dao.ShopDao.queryShopList - ==>  Preparing: SELECT s.shop_id, s.shop_name, s.shop_desc, s.shop_addr, s.phone, s.shop_img, s.priority, s.create_time, s.last_edit_time, s.enable_status, s.advice, a.area_id, a.area_name, sc.shop_category_id, sc.shop_category_name FROM tb_shop s, tb_area a, tb_shop_category sc WHERE s.shop_category_id in (select shop_category_id from tb_shop_category Where parent_id = {#shopCondition.shopCategory.parent.shopCategoryId}) AND s.area_id = a.area_id AND s.shop_category_id = sc.shop_category_id ORDER BY s.priority DESC LIMIT ?,? 
2019-08-22 23:33:12:978 [main] DEBUG com.kdocke.o2o.dao.ShopDao.queryShopList - ==> Parameters: 0(Integer), 5(Integer)
2019-08-22 23:46:40:637 [main] DEBUG com.kdocke.o2o.dao.ShopDao.queryShopList - ==>  Preparing: SELECT s.shop_id, s.shop_name, s.shop_desc, s.shop_addr, s.phone, s.shop_img, s.priority, s.create_time, s.last_edit_time, s.enable_status, s.advice, a.area_id, a.area_name, sc.shop_category_id, sc.shop_category_name FROM tb_shop s, tb_area a, tb_shop_category sc WHERE s.shop_category_id in (select shop_category_id from tb_shop_category Where parent_id = ?) AND s.area_id = a.area_id AND s.shop_category_id = sc.shop_category_id ORDER BY s.priority DESC LIMIT ?,? 
2019-08-22 23:46:40:672 [main] DEBUG com.kdocke.o2o.dao.ShopDao.queryShopList - ==> Parameters: 12(Long), 0(Integer), 5(Integer)
2019-08-22 23:46:40:813 [main] DEBUG com.kdocke.o2o.dao.ShopDao.queryShopList - <==      Total: 3
2019-08-22 23:46:40:819 [main] DEBUG com.kdocke.o2o.dao.ShopDao.queryShopCount - ==>  Preparing: SELECT count(1) FROM tb_shop s, tb_area a, tb_shop_category sc WHERE s.shop_category_id in (select shop_category_id from tb_shop_category Where parent_id = {#shopCondition.shopCategory.parent.shopCategoryId}) AND s.area_id = a.area_id AND s.shop_category_id = sc.shop_category_id 
2019-08-22 23:46:40:820 [main] DEBUG com.kdocke.o2o.dao.ShopDao.queryShopCount - ==> Parameters: 
2019-08-22 23:48:02:692 [main] DEBUG com.kdocke.o2o.dao.ShopDao.queryShopList - ==>  Preparing: SELECT s.shop_id, s.shop_name, s.shop_desc, s.shop_addr, s.phone, s.shop_img, s.priority, s.create_time, s.last_edit_time, s.enable_status, s.advice, a.area_id, a.area_name, sc.shop_category_id, sc.shop_category_name FROM tb_shop s, tb_area a, tb_shop_category sc WHERE s.shop_category_id in (select shop_category_id from tb_shop_category Where parent_id = ?) AND s.area_id = a.area_id AND s.shop_category_id = sc.shop_category_id ORDER BY s.priority DESC LIMIT ?,? 
2019-08-22 23:48:02:728 [main] DEBUG com.kdocke.o2o.dao.ShopDao.queryShopList - ==> Parameters: 12(Long), 0(Integer), 5(Integer)
2019-08-22 23:48:02:769 [main] DEBUG com.kdocke.o2o.dao.ShopDao.queryShopList - <==      Total: 3
2019-08-22 23:48:02:778 [main] DEBUG com.kdocke.o2o.dao.ShopDao.queryShopCount - ==>  Preparing: SELECT count(1) FROM tb_shop s, tb_area a, tb_shop_category sc WHERE s.shop_category_id in (select shop_category_id from tb_shop_category Where parent_id = ?) AND s.area_id = a.area_id AND s.shop_category_id = sc.shop_category_id 
2019-08-22 23:48:02:778 [main] DEBUG com.kdocke.o2o.dao.ShopDao.queryShopCount - ==> Parameters: 12(Long)
2019-08-22 23:48:02:804 [main] DEBUG com.kdocke.o2o.dao.ShopDao.queryShopCount - <==      Total: 1
